<?xml version="1.0" encoding="UTF-8"?>
<robot generator="Robot 3.1.2 (Python 3.8.1 on win32)" generated="20200104 20:01:54.245" rpa="false">
<suite id="s1" name="ContactsProject" source="C:\Users\LA56QS\eclipse-workspace\RobotFramework\ContactsProject">
<suite id="s1-s1" name="Test Suites" source="C:\Users\LA56QS\eclipse-workspace\RobotFramework\ContactsProject\Test Suites">
<suite id="s1-s1-s1" name="CustomCode" source="C:\Users\LA56QS\eclipse-workspace\RobotFramework\ContactsProject\Test Suites\CustomCode.robot">
<test id="s1-s1-s1-t1" name="Custom Code Test">
<kw name="Open Browser" library="SeleniumLibrary">
<doc>Opens a new browser instance to the optional ``url``.</doc>
<arguments>
<arg>https://www.google.com/</arg>
<arg>chrome</arg>
</arguments>
<msg timestamp="20200104 20:01:54.552" level="INFO">Opening browser 'chrome' to base url 'https://www.google.com/'.</msg>
<status status="PASS" starttime="20200104 20:01:54.551" endtime="20200104 20:01:58.578"></status>
</kw>
<kw name="Maximize Browser Window" library="SeleniumLibrary">
<doc>Maximizes current browser window.</doc>
<status status="PASS" starttime="20200104 20:01:58.579" endtime="20200104 20:01:59.713"></status>
</kw>
<kw name="Blog" library="customlibrary">
<status status="PASS" starttime="20200104 20:01:59.713" endtime="20200104 20:02:01.245"></status>
</kw>
<status status="PASS" starttime="20200104 20:01:54.551" endtime="20200104 20:02:01.246" critical="yes"></status>
</test>
<status status="PASS" starttime="20200104 20:01:54.322" endtime="20200104 20:02:01.247"></status>
</suite>
<status status="PASS" starttime="20200104 20:01:54.319" endtime="20200104 20:02:01.249"></status>
</suite>
<status status="PASS" starttime="20200104 20:01:54.295" endtime="20200104 20:02:01.251"></status>
</suite>
<statistics>
<total>
<stat pass="1" fail="0">Critical Tests</stat>
<stat pass="1" fail="0">All Tests</stat>
</total>
<tag>
</tag>
<suite>
<stat pass="1" fail="0" id="s1" name="ContactsProject">ContactsProject</stat>
<stat pass="1" fail="0" id="s1-s1" name="Test Suites">ContactsProject.Test Suites</stat>
<stat pass="1" fail="0" id="s1-s1-s1" name="CustomCode">ContactsProject.Test Suites.CustomCode</stat>
</suite>
</statistics>
<errors>
</errors>
</robot>
